# JRE version: Java(TM) SE Runtime Environment (24.0.2+12) (build 24.0.2+12-54)
# Java VM: Java HotSpot(TM) 64-Bit Server VM (24.0.2+12-54, mixed mode, sharing, tiered, compressed oops, compressed class ptrs, g1 gc, windows-amd64)
GC Precious Log:
 CardTable entry size: 512
 Card Set container configuration: InlinePtr #cards 5 size 8 Array Of Cards #cards 10 size 36 Howl #buckets 4 coarsen threshold 1843 Howl Bitmap #cards 512 size 80 coarsen threshold 460 Card regions per heap region 1 cards per card region 2048
 CPUs: 12 total, 12 available
 Memory: 7489M
 Large Page Support: Disabled
 NUMA Support: Disabled
 Compressed Oops: Enabled (32-bit)
 Heap Region Size: 1M
 Heap Min Capacity: 8M
 Heap Initial Capacity: 118M
 Heap Max Capacity: 1874M
 Pre-touch: Disabled
 Parallel Workers: 10
 Concurrent Workers: 3
 Concurrent Refinement Workers: 10
 Periodic GC: Disabled
Heap:
 garbage-first heap   total reserved 1918976K, committed 245760K, used 163746K [0x000000008ae00000, 0x0000000100000000)
  region size 1024K, 93 young (95232K), 9 survivors (9216K)
 Metaspace       used 31114K, committed 31360K, reserved 1114112K
  class space    used 3870K, committed 3968K, reserved 1048576K
GC Heap History (20 events):
Event: 16.422 GC heap before
{Heap before GC invocations=14 (full 0):
 garbage-first heap   total reserved 1918976K, committed 106496K, used 88669K [0x000000008ae00000, 0x0000000100000000)
  region size 1024K, 26 young (26624K), 4 survivors (4096K)
 Metaspace       used 28021K, committed 28288K, reserved 1114112K
  class space    used 3543K, committed 3648K, reserved 1048576K
}
Event: 16.453 GC heap after
{Heap after GC invocations=15 (full 0):
 garbage-first heap   total reserved 1918976K, committed 106496K, used 65943K [0x000000008ae00000, 0x0000000100000000)
  region size 1024K, 1 young (1024K), 1 survivors (1024K)
 Metaspace       used 28021K, committed 28288K, reserved 1114112K
  class space    used 3543K, committed 3648K, reserved 1048576K
}
Event: 16.651 GC heap before
{Heap before GC invocations=15 (full 0):
 garbage-first heap   total reserved 1918976K, committed 106496K, used 89495K [0x000000008ae00000, 0x0000000100000000)
  region size 1024K, 25 young (25600K), 1 survivors (1024K)
 Metaspace       used 28325K, committed 28608K, reserved 1114112K
  class space    used 3582K, committed 3712K, reserved 1048576K
}
Event: 16.655 GC heap after
{Heap after GC invocations=16 (full 0):
 garbage-first heap   total reserved 1918976K, committed 106496K, used 67002K [0x000000008ae00000, 0x0000000100000000)
  region size 1024K, 2 young (2048K), 2 survivors (2048K)
 Metaspace       used 28325K, committed 28608K, reserved 1114112K
  class space    used 3582K, committed 3712K, reserved 1048576K
}
Event: 16.930 GC heap before
{Heap before GC invocations=17 (full 0):
 garbage-first heap   total reserved 1918976K, committed 114688K, used 91578K [0x000000008ae00000, 0x0000000100000000)
  region size 1024K, 26 young (26624K), 2 survivors (2048K)
 Metaspace       used 28563K, committed 28800K, reserved 1114112K
  class space    used 3616K, committed 3712K, reserved 1048576K
}
Event: 16.934 GC heap after
{Heap after GC invocations=18 (full 0):
 garbage-first heap   total reserved 1918976K, committed 114688K, used 67673K [0x000000008ae00000, 0x0000000100000000)
  region size 1024K, 3 young (3072K), 3 survivors (3072K)
 Metaspace       used 28563K, committed 28800K, reserved 1114112K
  class space    used 3616K, committed 3712K, reserved 1048576K
}
Event: 17.424 GC heap before
{Heap before GC invocations=18 (full 0):
 garbage-first heap   total reserved 1918976K, committed 114688K, used 98393K [0x000000008ae00000, 0x0000000100000000)
  region size 1024K, 33 young (33792K), 3 survivors (3072K)
 Metaspace       used 29442K, committed 29696K, reserved 1114112K
  class space    used 3703K, committed 3840K, reserved 1048576K
}
Event: 17.432 GC heap after
{Heap after GC invocations=19 (full 0):
 garbage-first heap   total reserved 1918976K, committed 181248K, used 69650K [0x000000008ae00000, 0x0000000100000000)
  region size 1024K, 5 young (5120K), 5 survivors (5120K)
 Metaspace       used 29442K, committed 29696K, reserved 1114112K
  class space    used 3703K, committed 3840K, reserved 1048576K
}
Event: 18.242 GC heap before
{Heap before GC invocations=19 (full 0):
 garbage-first heap   total reserved 1918976K, committed 181248K, used 144402K [0x000000008ae00000, 0x0000000100000000)
  region size 1024K, 78 young (79872K), 5 survivors (5120K)
 Metaspace       used 29706K, committed 29952K, reserved 1114112K
  class space    used 3712K, committed 3840K, reserved 1048576K
}
Event: 18.349 GC heap after
{Heap after GC invocations=20 (full 0):
 garbage-first heap   total reserved 1918976K, committed 181248K, used 69931K [0x000000008ae00000, 0x0000000100000000)
  region size 1024K, 5 young (5120K), 5 survivors (5120K)
 Metaspace       used 29706K, committed 29952K, reserved 1114112K
  class space    used 3712K, committed 3840K, reserved 1048576K
}
Event: 18.723 GC heap before
{Heap before GC invocations=20 (full 0):
 garbage-first heap   total reserved 1918976K, committed 181248K, used 140587K [0x000000008ae00000, 0x0000000100000000)
  region size 1024K, 74 young (75776K), 5 survivors (5120K)
 Metaspace       used 29785K, committed 30016K, reserved 1114112K
  class space    used 3715K, committed 3840K, reserved 1048576K
}
Event: 18.730 GC heap after
{Heap after GC invocations=21 (full 0):
 garbage-first heap   total reserved 1918976K, committed 181248K, used 70223K [0x000000008ae00000, 0x0000000100000000)
  region size 1024K, 6 young (6144K), 6 survivors (6144K)
 Metaspace       used 29785K, committed 30016K, reserved 1114112K
  class space    used 3715K, committed 3840K, reserved 1048576K
}
Event: 19.168 GC heap before
{Heap before GC invocations=21 (full 0):
 garbage-first heap   total reserved 1918976K, committed 181248K, used 148047K [0x000000008ae00000, 0x0000000100000000)
  region size 1024K, 82 young (83968K), 6 survivors (6144K)
 Metaspace       used 29849K, committed 30080K, reserved 1114112K
  class space    used 3716K, committed 3840K, reserved 1048576K
}
Event: 19.174 GC heap after
{Heap after GC invocations=22 (full 0):
 garbage-first heap   total reserved 1918976K, committed 181248K, used 70244K [0x000000008ae00000, 0x0000000100000000)
  region size 1024K, 6 young (6144K), 6 survivors (6144K)
 Metaspace       used 29849K, committed 30080K, reserved 1114112K
  class space    used 3716K, committed 3840K, reserved 1048576K
}
Event: 20.079 GC heap before
{Heap before GC invocations=22 (full 0):
 garbage-first heap   total reserved 1918976K, committed 181248K, used 150116K [0x000000008ae00000, 0x0000000100000000)
  region size 1024K, 84 young (86016K), 6 survivors (6144K)
 Metaspace       used 30016K, committed 30272K, reserved 1114112K
  class space    used 3725K, committed 3840K, reserved 1048576K
}
Event: 20.094 GC heap after
{Heap after GC invocations=23 (full 0):
 garbage-first heap   total reserved 1918976K, committed 181248K, used 73335K [0x000000008ae00000, 0x0000000100000000)
  region size 1024K, 9 young (9216K), 9 survivors (9216K)
 Metaspace       used 30016K, committed 30272K, reserved 1114112K
  class space    used 3725K, committed 3840K, reserved 1048576K
}
Event: 21.473 GC heap before
{Heap before GC invocations=23 (full 0):
 garbage-first heap   total reserved 1918976K, committed 181248K, used 154231K [0x000000008ae00000, 0x0000000100000000)
  region size 1024K, 88 young (90112K), 9 survivors (9216K)
 Metaspace       used 30163K, committed 30464K, reserved 1114112K
  class space    used 3745K, committed 3904K, reserved 1048576K
}
Event: 21.500 GC heap after
{Heap after GC invocations=24 (full 0):
 garbage-first heap   total reserved 1918976K, committed 245760K, used 78211K [0x000000008ae00000, 0x0000000100000000)
  region size 1024K, 11 young (11264K), 11 survivors (11264K)
 Metaspace       used 30163K, committed 30464K, reserved 1114112K
  class space    used 3745K, committed 3904K, reserved 1048576K
}
Event: 22.918 GC heap before
{Heap before GC invocations=24 (full 0):
 garbage-first heap   total reserved 1918976K, committed 245760K, used 185731K [0x000000008ae00000, 0x0000000100000000)
  region size 1024K, 116 young (118784K), 11 survivors (11264K)
 Metaspace       used 30271K, committed 30592K, reserved 1114112K
  class space    used 3757K, committed 3904K, reserved 1048576K
}
Event: 22.943 GC heap after
{Heap after GC invocations=25 (full 0):
 garbage-first heap   total reserved 1918976K, committed 245760K, used 78754K [0x000000008ae00000, 0x0000000100000000)
  region size 1024K, 9 young (9216K), 9 survivors (9216K)
 Metaspace       used 30271K, committed 30592K, reserved 1114112K
  class space    used 3757K, committed 3904K, reserved 1048576K
}

