# JRE version: Java(TM) SE Runtime Environment (24.0.2+12) (build 24.0.2+12-54)
# Java VM: Java HotSpot(TM) 64-Bit Server VM (24.0.2+12-54, mixed mode, sharing, tiered, compressed oops, compressed class ptrs, g1 gc, windows-amd64)
GC Precious Log:
 CardTable entry size: 512
 Card Set container configuration: InlinePtr #cards 5 size 8 Array Of Cards #cards 10 size 36 Howl #buckets 4 coarsen threshold 1843 Howl Bitmap #cards 512 size 80 coarsen threshold 460 Card regions per heap region 1 cards per card region 2048
 CPUs: 12 total, 12 available
 Memory: 7489M
 Large Page Support: Disabled
 NUMA Support: Disabled
 Compressed Oops: Enabled (32-bit)
 Heap Region Size: 1M
 Heap Min Capacity: 8M
 Heap Initial Capacity: 118M
 Heap Max Capacity: 1874M
 Pre-touch: Disabled
 Parallel Workers: 10
 Concurrent Workers: 3
 Concurrent Refinement Workers: 10
 Periodic GC: Disabled
Heap:
 garbage-first heap   total reserved 1918976K, committed 297984K, used 199410K [0x000000008ae00000, 0x0000000100000000)
  region size 1024K, 41 young (41984K), 1 survivors (1024K)
 Metaspace       used 33470K, committed 33792K, reserved 1114112K
  class space    used 4100K, committed 4224K, reserved 1048576K
GC Heap History (20 events):
Event: 13.026 GC heap before
{Heap before GC invocations=19 (full 0):
 garbage-first heap   total reserved 1918976K, committed 292864K, used 246481K [0x000000008ae00000, 0x0000000100000000)
  region size 1024K, 132 young (135168K), 7 survivors (7168K)
 Metaspace       used 29490K, committed 29696K, reserved 1114112K
  class space    used 3702K, committed 3776K, reserved 1048576K
}
Event: 13.034 GC heap after
{Heap after GC invocations=20 (full 0):
 garbage-first heap   total reserved 1918976K, committed 292864K, used 121553K [0x000000008ae00000, 0x0000000100000000)
  region size 1024K, 10 young (10240K), 10 survivors (10240K)
 Metaspace       used 29490K, committed 29696K, reserved 1114112K
  class space    used 3702K, committed 3776K, reserved 1048576K
}
Event: 13.389 GC heap before
{Heap before GC invocations=20 (full 0):
 garbage-first heap   total reserved 1918976K, committed 292864K, used 222929K [0x000000008ae00000, 0x0000000100000000)
  region size 1024K, 109 young (111616K), 10 survivors (10240K)
 Metaspace       used 29576K, committed 29824K, reserved 1114112K
  class space    used 3703K, committed 3776K, reserved 1048576K
}
Event: 13.395 GC heap after
{Heap after GC invocations=21 (full 0):
 garbage-first heap   total reserved 1918976K, committed 292864K, used 122283K [0x000000008ae00000, 0x0000000100000000)
  region size 1024K, 4 young (4096K), 4 survivors (4096K)
 Metaspace       used 29576K, committed 29824K, reserved 1114112K
  class space    used 3703K, committed 3776K, reserved 1048576K
}
Event: 13.828 GC heap before
{Heap before GC invocations=21 (full 0):
 garbage-first heap   total reserved 1918976K, committed 292864K, used 236971K [0x000000008ae00000, 0x0000000100000000)
  region size 1024K, 116 young (118784K), 4 survivors (4096K)
 Metaspace       used 29657K, committed 29888K, reserved 1114112K
  class space    used 3708K, committed 3776K, reserved 1048576K
}
Event: 13.833 GC heap after
{Heap after GC invocations=22 (full 0):
 garbage-first heap   total reserved 1918976K, committed 292864K, used 124754K [0x000000008ae00000, 0x0000000100000000)
  region size 1024K, 6 young (6144K), 6 survivors (6144K)
 Metaspace       used 29657K, committed 29888K, reserved 1114112K
  class space    used 3708K, committed 3776K, reserved 1048576K
}
Event: 14.525 GC heap before
{Heap before GC invocations=22 (full 0):
 garbage-first heap   total reserved 1918976K, committed 292864K, used 244562K [0x000000008ae00000, 0x0000000100000000)
  region size 1024K, 123 young (125952K), 6 survivors (6144K)
 Metaspace       used 29872K, committed 30144K, reserved 1114112K
  class space    used 3732K, committed 3840K, reserved 1048576K
}
Event: 14.535 GC heap after
{Heap after GC invocations=23 (full 0):
 garbage-first heap   total reserved 1918976K, committed 292864K, used 132351K [0x000000008ae00000, 0x0000000100000000)
  region size 1024K, 14 young (14336K), 14 survivors (14336K)
 Metaspace       used 29872K, committed 30144K, reserved 1114112K
  class space    used 3732K, committed 3840K, reserved 1048576K
}
Event: 14.973 GC heap before
{Heap before GC invocations=23 (full 0):
 garbage-first heap   total reserved 1918976K, committed 292864K, used 250111K [0x000000008ae00000, 0x0000000100000000)
  region size 1024K, 129 young (132096K), 14 survivors (14336K)
 Metaspace       used 29945K, committed 30144K, reserved 1114112K
  class space    used 3737K, committed 3840K, reserved 1048576K
}
Event: 14.983 GC heap after
{Heap after GC invocations=24 (full 0):
 garbage-first heap   total reserved 1918976K, committed 292864K, used 133253K [0x000000008ae00000, 0x0000000100000000)
  region size 1024K, 9 young (9216K), 9 survivors (9216K)
 Metaspace       used 29945K, committed 30144K, reserved 1114112K
  class space    used 3737K, committed 3840K, reserved 1048576K
}
Event: 16.149 GC heap before
{Heap before GC invocations=24 (full 0):
 garbage-first heap   total reserved 1918976K, committed 292864K, used 256133K [0x000000008ae00000, 0x0000000100000000)
  region size 1024K, 129 young (132096K), 9 survivors (9216K)
 Metaspace       used 30342K, committed 30656K, reserved 1114112K
  class space    used 3807K, committed 3968K, reserved 1048576K
}
Event: 16.157 GC heap after
{Heap after GC invocations=25 (full 0):
 garbage-first heap   total reserved 1918976K, committed 292864K, used 134765K [0x000000008ae00000, 0x0000000100000000)
  region size 1024K, 10 young (10240K), 10 survivors (10240K)
 Metaspace       used 30342K, committed 30656K, reserved 1114112K
  class space    used 3807K, committed 3968K, reserved 1048576K
}
Event: 28.158 GC heap before
{Heap before GC invocations=26 (full 0):
 garbage-first heap   total reserved 1918976K, committed 292864K, used 278125K [0x000000008ae00000, 0x0000000100000000)
  region size 1024K, 134 young (137216K), 10 survivors (10240K)
 Metaspace       used 33071K, committed 33408K, reserved 1114112K
  class space    used 4100K, committed 4224K, reserved 1048576K
}
Event: 28.172 GC heap after
{Heap after GC invocations=27 (full 0):
 garbage-first heap   total reserved 1918976K, committed 297984K, used 160768K [0x000000008ae00000, 0x0000000100000000)
  region size 1024K, 11 young (11264K), 11 survivors (11264K)
 Metaspace       used 33071K, committed 33408K, reserved 1114112K
  class space    used 4100K, committed 4224K, reserved 1048576K
}
Event: 44.436 GC heap before
{Heap before GC invocations=27 (full 0):
 garbage-first heap   total reserved 1918976K, committed 297984K, used 270336K [0x000000008ae00000, 0x0000000100000000)
  region size 1024K, 118 young (120832K), 11 survivors (11264K)
 Metaspace       used 33455K, committed 33792K, reserved 1114112K
  class space    used 4100K, committed 4224K, reserved 1048576K
}
Event: 44.446 GC heap after
{Heap after GC invocations=28 (full 0):
 garbage-first heap   total reserved 1918976K, committed 297984K, used 160708K [0x000000008ae00000, 0x0000000100000000)
  region size 1024K, 2 young (2048K), 2 survivors (2048K)
 Metaspace       used 33455K, committed 33792K, reserved 1114112K
  class space    used 4100K, committed 4224K, reserved 1048576K
}
Event: 53.652 GC heap before
{Heap before GC invocations=28 (full 0):
 garbage-first heap   total reserved 1918976K, committed 297984K, used 276420K [0x000000008ae00000, 0x0000000100000000)
  region size 1024K, 115 young (117760K), 2 survivors (2048K)
 Metaspace       used 33466K, committed 33792K, reserved 1114112K
  class space    used 4100K, committed 4224K, reserved 1048576K
}
Event: 53.654 GC heap after
{Heap after GC invocations=29 (full 0):
 garbage-first heap   total reserved 1918976K, committed 297984K, used 159704K [0x000000008ae00000, 0x0000000100000000)
  region size 1024K, 1 young (1024K), 1 survivors (1024K)
 Metaspace       used 33466K, committed 33792K, reserved 1114112K
  class space    used 4100K, committed 4224K, reserved 1048576K
}
Event: 4510.928 GC heap before
{Heap before GC invocations=30 (full 0):
 garbage-first heap   total reserved 1918976K, committed 297984K, used 279512K [0x000000008ae00000, 0x0000000100000000)
  region size 1024K, 118 young (120832K), 1 survivors (1024K)
 Metaspace       used 33470K, committed 33792K, reserved 1114112K
  class space    used 4100K, committed 4224K, reserved 1048576K
}
Event: 4511.011 GC heap after
{Heap after GC invocations=31 (full 0):
 garbage-first heap   total reserved 1918976K, committed 297984K, used 159474K [0x000000008ae00000, 0x0000000100000000)
  region size 1024K, 1 young (1024K), 1 survivors (1024K)
 Metaspace       used 33470K, committed 33792K, reserved 1114112K
  class space    used 4100K, committed 4224K, reserved 1048576K
}

